2024-11-19 19:20:37.974 [info] [main] Log level: Info
2024-11-19 19:20:37.974 [info] [main] Validating found git in: "git"
2024-11-19 19:20:38.095 [info] [main] Using git "2.43.0" from "git"
2024-11-19 19:20:38.095 [info] [Model][doInitialScan] Initial repository scan started
2024-11-19 19:20:41.222 [info] > git rev-parse --show-toplevel [93ms]
2024-11-19 19:20:41.230 [info] > git rev-parse --git-dir --git-common-dir [1ms]
2024-11-19 19:20:41.246 [info] [Model][openRepository] Opened repository: /root
2024-11-19 19:20:41.265 [info] > git config --get commit.template [8ms]
2024-11-19 19:20:41.281 [info] > git rev-parse --show-toplevel [2ms]
2024-11-19 19:20:41.289 [info] > git rev-parse --show-toplevel [2ms]
2024-11-19 19:20:41.295 [info] > git rev-parse --show-toplevel [1ms]
2024-11-19 19:20:41.303 [info] > git rev-parse --show-toplevel [1ms]
2024-11-19 19:20:41.801 [info] > git rev-parse --show-toplevel [490ms]
2024-11-19 19:20:41.802 [info] > git for-each-ref --format=%(refname)%00%(upstream:short)%00%(objectname)%00%(upstream:track)%00%(upstream:remotename)%00%(upstream:remoteref) refs/heads/main refs/remotes/main [540ms]
2024-11-19 19:20:41.802 [warning] [Git][getBranch] No such branch: main
2024-11-19 19:20:41.947 [info] > git rev-parse --git-dir --git-common-dir [11ms]
2024-11-19 19:20:41.954 [info] [Model][openRepository] Opened repository: /root/exercises
2024-11-19 19:20:41.962 [info] [Model][doInitialScan] Initial repository scan completed - repositories (2), closed repositories (0), parent repositories (0), unsafe repositories (0)
2024-11-19 19:20:41.979 [info] > git for-each-ref --sort -committerdate --format %(refname) %(objectname) %(*objectname) [163ms]
2024-11-19 19:20:42.001 [info] > git config --get commit.template [6ms]
2024-11-19 19:20:42.059 [info] > git log --format=%H%n%aN%n%aE%n%at%n%ct%n%P%n%D%n%B -z -n120 --follow -- /root/styles.css [4ms]
2024-11-19 19:20:42.059 [info] fatal: your current branch 'main' does not have any commits yet
2024-11-19 19:20:43.392 [info] > git show --textconv :styles.css [1422ms]
2024-11-19 19:20:43.393 [info] > git check-ignore -v -z --stdin [27ms]
2024-11-19 19:20:43.395 [info] > git check-ignore -v -z --stdin [19ms]
2024-11-19 19:20:43.398 [info] > git for-each-ref --format=%(refname)%00%(upstream:short)%00%(objectname)%00%(upstream:track)%00%(upstream:remotename)%00%(upstream:remoteref) refs/heads/ignore-them refs/remotes/ignore-them [1388ms]
2024-11-19 19:20:43.402 [info] > git ls-files --stage -- /root/styles.css [1423ms]
2024-11-19 19:20:43.418 [warning] [Git][revParse] Unable to read file: ENOENT: no such file or directory, open '/root/exercises/.git/refs/remotes/origin/ignore-them'
2024-11-19 19:20:43.426 [info] > git cat-file -s c2d4689ca8ac668307b88323b9c82602b50657c4 [18ms]
2024-11-19 19:20:43.430 [info] > git status -z -uall [1622ms]
2024-11-19 19:20:43.430 [info] > git log --format=%H%n%aN%n%aE%n%at%n%ct%n%P%n%D%n%B -z -n120 --follow -- /root/styles.css [5ms]
2024-11-19 19:20:43.430 [info] fatal: your current branch 'main' does not have any commits yet
2024-11-19 19:20:43.433 [info] > git rev-parse refs/remotes/origin/ignore-them [15ms]
2024-11-19 19:20:43.449 [info] > git status -z -uall [9ms]
2024-11-19 19:20:46.550 [info] > git for-each-ref --format=%(refname)%00%(upstream:short)%00%(objectname)%00%(upstream:track)%00%(upstream:remotename)%00%(upstream:remoteref) refs/heads/main refs/remotes/main [2798ms]
2024-11-19 19:20:46.551 [warning] [Git][getBranch] No such branch: main
2024-11-19 19:20:46.551 [error] [GitHistoryProvider][resolveHEADMergeBase] Failed to resolve merge base for main: Error: No such branch: main.
2024-11-19 19:20:46.553 [info] > git for-each-ref --sort -committerdate --format %(refname) %(objectname) %(*objectname) [3105ms]
2024-11-19 19:20:46.618 [info] > git for-each-ref --format=%(refname)%00%(upstream:short)%00%(objectname)%00%(upstream:track)%00%(upstream:remotename)%00%(upstream:remoteref) refs/heads/ignore-them refs/remotes/ignore-them [56ms]
2024-11-19 19:20:46.636 [info] > git config --get commit.template [180ms]
2024-11-19 19:20:46.665 [info] > git config --local branch.ignore-them.vscode-merge-base [31ms]
2024-11-19 19:20:46.682 [info] > git config --get commit.template [66ms]
2024-11-19 19:20:46.857 [info] > git for-each-ref --format=%(refname)%00%(upstream:short)%00%(objectname)%00%(upstream:track)%00%(upstream:remotename)%00%(upstream:remoteref) refs/heads/main refs/remotes/main [164ms]
2024-11-19 19:20:46.857 [warning] [Git][getBranch] No such branch: main
2024-11-19 19:20:46.871 [info] > git for-each-ref --format=%(refname)%00%(upstream:short)%00%(objectname)%00%(upstream:track)%00%(upstream:remotename)%00%(upstream:remoteref) refs/heads/origin/ignore-them refs/remotes/origin/ignore-them [190ms]
2024-11-19 19:20:47.697 [info] > git merge-base refs/heads/ignore-them refs/remotes/origin/ignore-them [817ms]
2024-11-19 19:20:47.703 [info] > git for-each-ref --sort -committerdate --format %(refname) %(objectname) %(*objectname) [833ms]
2024-11-19 19:20:47.704 [info] > git for-each-ref --format=%(refname)%00%(upstream:short)%00%(objectname)%00%(upstream:track)%00%(upstream:remotename)%00%(upstream:remoteref) refs/heads/ignore-them refs/remotes/ignore-them [994ms]
2024-11-19 19:20:47.715 [warning] [Git][revParse] Unable to read file: ENOENT: no such file or directory, open '/root/exercises/.git/refs/remotes/origin/ignore-them'
2024-11-19 19:20:47.722 [info] > git rev-parse refs/remotes/origin/ignore-them [8ms]
2024-11-19 19:20:47.744 [info] > git status -z -uall [15ms]
2024-11-19 19:20:47.746 [info] > git diff --name-status -z --diff-filter=ADMR 11edd38542b6ec7f13975bb7de12bb831d3a7bc1...refs/remotes/origin/ignore-them [42ms]
2024-11-19 19:20:47.751 [info] > git for-each-ref --sort -committerdate --format %(refname) %(objectname) %(*objectname) [13ms]
2024-11-19 19:20:47.773 [info] > git status -z -uall [910ms]
2024-11-19 19:20:54.630 [info] > git check-ignore -v -z --stdin [9ms]
2024-11-19 19:20:55.298 [info] > git config --get commit.template [9ms]
2024-11-19 19:20:55.302 [info] > git for-each-ref --format=%(refname)%00%(upstream:short)%00%(objectname)%00%(upstream:track)%00%(upstream:remotename)%00%(upstream:remoteref) refs/heads/main refs/remotes/main [6ms]
2024-11-19 19:20:55.303 [warning] [Git][getBranch] No such branch: main
2024-11-19 19:20:55.323 [info] > git for-each-ref --sort -committerdate --format %(refname) %(objectname) %(*objectname) [3ms]
2024-11-19 19:20:55.377 [info] > git status -z -uall [67ms]
2024-11-19 19:21:00.694 [info] > git config --get commit.template [9ms]
2024-11-19 19:21:00.695 [info] > git for-each-ref --format=%(refname)%00%(upstream:short)%00%(objectname)%00%(upstream:track)%00%(upstream:remotename)%00%(upstream:remoteref) refs/heads/main refs/remotes/main [2ms]
2024-11-19 19:21:00.695 [warning] [Git][getBranch] No such branch: main
2024-11-19 19:21:00.716 [info] > git for-each-ref --sort -committerdate --format %(refname) %(objectname) %(*objectname) [3ms]
2024-11-19 19:21:00.758 [info] > git status -z -uall [56ms]
2024-11-19 19:21:04.111 [info] > git show --textconv :styles.css [164ms]
2024-11-19 19:21:04.112 [info] > git ls-files --stage -- /root/styles.css [155ms]
2024-11-19 19:21:04.124 [info] > git cat-file -s c2d4689ca8ac668307b88323b9c82602b50657c4 [5ms]
2024-11-19 19:21:06.472 [info] > git config --get commit.template [2ms]
2024-11-19 19:21:06.481 [info] > git for-each-ref --format=%(refname)%00%(upstream:short)%00%(objectname)%00%(upstream:track)%00%(upstream:remotename)%00%(upstream:remoteref) refs/heads/main refs/remotes/main [1ms]
2024-11-19 19:21:06.481 [warning] [Git][getBranch] No such branch: main
2024-11-19 19:21:06.497 [info] > git for-each-ref --sort -committerdate --format %(refname) %(objectname) %(*objectname) [3ms]
2024-11-19 19:21:06.561 [info] > git status -z -uall [74ms]
2024-11-19 19:21:11.742 [info] > git config --get commit.template [8ms]
2024-11-19 19:21:11.743 [info] > git for-each-ref --format=%(refname)%00%(upstream:short)%00%(objectname)%00%(upstream:track)%00%(upstream:remotename)%00%(upstream:remoteref) refs/heads/main refs/remotes/main [2ms]
2024-11-19 19:21:11.743 [warning] [Git][getBranch] No such branch: main
2024-11-19 19:21:11.761 [info] > git for-each-ref --sort -committerdate --format %(refname) %(objectname) %(*objectname) [2ms]
2024-11-19 19:21:11.801 [info] > git status -z -uall [51ms]
2024-11-19 19:21:16.969 [info] > git config --get commit.template [7ms]
2024-11-19 19:21:16.969 [info] > git for-each-ref --format=%(refname)%00%(upstream:short)%00%(objectname)%00%(upstream:track)%00%(upstream:remotename)%00%(upstream:remoteref) refs/heads/main refs/remotes/main [2ms]
2024-11-19 19:21:16.969 [warning] [Git][getBranch] No such branch: main
2024-11-19 19:21:16.986 [info] > git for-each-ref --sort -committerdate --format %(refname) %(objectname) %(*objectname) [2ms]
2024-11-19 19:21:17.025 [info] > git status -z -uall [49ms]
2024-11-19 19:21:22.740 [info] > git config --get commit.template [1ms]
2024-11-19 19:21:22.749 [info] > git for-each-ref --format=%(refname)%00%(upstream:short)%00%(objectname)%00%(upstream:track)%00%(upstream:remotename)%00%(upstream:remoteref) refs/heads/main refs/remotes/main [1ms]
2024-11-19 19:21:22.749 [warning] [Git][getBranch] No such branch: main
2024-11-19 19:21:22.767 [info] > git for-each-ref --sort -committerdate --format %(refname) %(objectname) %(*objectname) [3ms]
2024-11-19 19:21:22.806 [info] > git status -z -uall [51ms]
2024-11-19 19:21:27.980 [info] > git config --get commit.template [9ms]
2024-11-19 19:21:27.981 [info] > git for-each-ref --format=%(refname)%00%(upstream:short)%00%(objectname)%00%(upstream:track)%00%(upstream:remotename)%00%(upstream:remoteref) refs/heads/main refs/remotes/main [2ms]
2024-11-19 19:21:27.981 [warning] [Git][getBranch] No such branch: main
2024-11-19 19:21:27.999 [info] > git for-each-ref --sort -committerdate --format %(refname) %(objectname) %(*objectname) [2ms]
2024-11-19 19:21:28.041 [info] > git status -z -uall [53ms]
2024-11-19 19:21:33.220 [info] > git config --get commit.template [10ms]
2024-11-19 19:21:33.221 [info] > git for-each-ref --format=%(refname)%00%(upstream:short)%00%(objectname)%00%(upstream:track)%00%(upstream:remotename)%00%(upstream:remoteref) refs/heads/main refs/remotes/main [2ms]
2024-11-19 19:21:33.221 [warning] [Git][getBranch] No such branch: main
2024-11-19 19:21:33.240 [info] > git for-each-ref --sort -committerdate --format %(refname) %(objectname) %(*objectname) [3ms]
2024-11-19 19:21:33.312 [info] > git status -z -uall [85ms]
2024-11-19 19:21:38.524 [info] > git config --get commit.template [12ms]
2024-11-19 19:21:38.525 [info] > git for-each-ref --format=%(refname)%00%(upstream:short)%00%(objectname)%00%(upstream:track)%00%(upstream:remotename)%00%(upstream:remoteref) refs/heads/main refs/remotes/main [2ms]
2024-11-19 19:21:38.525 [warning] [Git][getBranch] No such branch: main
2024-11-19 19:21:38.540 [info] > git for-each-ref --sort -committerdate --format %(refname) %(objectname) %(*objectname) [2ms]
2024-11-19 19:21:38.611 [info] > git status -z -uall [81ms]
2024-11-19 19:21:43.861 [info] > git config --get commit.template [9ms]
2024-11-19 19:21:43.861 [info] > git for-each-ref --format=%(refname)%00%(upstream:short)%00%(objectname)%00%(upstream:track)%00%(upstream:remotename)%00%(upstream:remoteref) refs/heads/main refs/remotes/main [1ms]
2024-11-19 19:21:43.861 [warning] [Git][getBranch] No such branch: main
2024-11-19 19:21:43.880 [info] > git for-each-ref --sort -committerdate --format %(refname) %(objectname) %(*objectname) [2ms]
2024-11-19 19:21:43.935 [info] > git status -z -uall [65ms]
2024-11-19 19:21:46.577 [info] > git check-ignore -v -z --stdin [4ms]
2024-11-19 19:21:49.099 [info] > git config --get commit.template [6ms]
2024-11-19 19:21:49.099 [info] > git for-each-ref --format=%(refname)%00%(upstream:short)%00%(objectname)%00%(upstream:track)%00%(upstream:remotename)%00%(upstream:remoteref) refs/heads/main refs/remotes/main [1ms]
2024-11-19 19:21:49.099 [warning] [Git][getBranch] No such branch: main
2024-11-19 19:21:49.113 [info] > git for-each-ref --sort -committerdate --format %(refname) %(objectname) %(*objectname) [2ms]
2024-11-19 19:21:49.146 [info] > git status -z -uall [42ms]
2024-11-19 19:29:33.361 [info] > git config --get commit.template [4ms]
2024-11-19 19:29:33.368 [info] > git for-each-ref --format=%(refname)%00%(upstream:short)%00%(objectname)%00%(upstream:track)%00%(upstream:remotename)%00%(upstream:remoteref) refs/heads/main refs/remotes/main [1ms]
2024-11-19 19:29:33.369 [warning] [Git][getBranch] No such branch: main
2024-11-19 19:29:33.385 [info] > git for-each-ref --sort -committerdate --format %(refname) %(objectname) %(*objectname) [1ms]
2024-11-19 19:29:33.441 [info] > git status -z -uall [66ms]
2024-11-19 19:29:38.788 [info] > git config --get commit.template [8ms]
2024-11-19 19:29:38.789 [info] > git for-each-ref --format=%(refname)%00%(upstream:short)%00%(objectname)%00%(upstream:track)%00%(upstream:remotename)%00%(upstream:remoteref) refs/heads/main refs/remotes/main [2ms]
2024-11-19 19:29:38.789 [warning] [Git][getBranch] No such branch: main
2024-11-19 19:29:38.806 [info] > git for-each-ref --sort -committerdate --format %(refname) %(objectname) %(*objectname) [3ms]
2024-11-19 19:29:38.849 [info] > git status -z -uall [53ms]
2024-11-19 19:29:44.054 [info] > git config --get commit.template [15ms]
2024-11-19 19:29:44.055 [info] > git for-each-ref --format=%(refname)%00%(upstream:short)%00%(objectname)%00%(upstream:track)%00%(upstream:remotename)%00%(upstream:remoteref) refs/heads/main refs/remotes/main [3ms]
2024-11-19 19:29:44.055 [warning] [Git][getBranch] No such branch: main
2024-11-19 19:29:44.072 [info] > git for-each-ref --sort -committerdate --format %(refname) %(objectname) %(*objectname) [1ms]
2024-11-19 19:29:44.101 [info] > git status -z -uall [39ms]
2024-11-19 19:33:34.442 [info] > git config --get commit.template [102ms]
2024-11-19 19:33:34.528 [info] > git for-each-ref --format=%(refname)%00%(upstream:short)%00%(objectname)%00%(upstream:track)%00%(upstream:remotename)%00%(upstream:remoteref) refs/heads/main refs/remotes/main [135ms]
2024-11-19 19:33:34.528 [warning] [Git][getBranch] No such branch: main
2024-11-19 19:33:34.567 [info] > git for-each-ref --sort -committerdate --format %(refname) %(objectname) %(*objectname) [26ms]
2024-11-19 19:33:36.002 [info] > git log --format=%H%n%aN%n%aE%n%at%n%ct%n%P%n%D%n%B -z -n120 --follow -- /root/index.html [7ms]
2024-11-19 19:33:36.002 [info] fatal: your current branch 'main' does not have any commits yet
2024-11-19 19:33:36.533 [info] > git ls-files --stage -- /root/index.html [7ms]
2024-11-19 19:33:36.763 [info] > git show --textconv :index.html [246ms]
2024-11-19 19:33:36.763 [info] > git cat-file -s 767e63477b343c48230ad3b80227d7642b13f529 [218ms]
2024-11-19 19:33:37.754 [info] > git status -z -uall [3220ms]
2024-11-19 19:33:42.980 [info] > git config --get commit.template [8ms]
2024-11-19 19:33:42.980 [info] > git for-each-ref --format=%(refname)%00%(upstream:short)%00%(objectname)%00%(upstream:track)%00%(upstream:remotename)%00%(upstream:remoteref) refs/heads/main refs/remotes/main [2ms]
2024-11-19 19:33:42.980 [warning] [Git][getBranch] No such branch: main
2024-11-19 19:33:42.995 [info] > git for-each-ref --sort -committerdate --format %(refname) %(objectname) %(*objectname) [2ms]
2024-11-19 19:33:43.031 [info] > git status -z -uall [45ms]
2024-11-19 19:33:48.194 [info] > git config --get commit.template [6ms]
2024-11-19 19:33:48.194 [info] > git for-each-ref --format=%(refname)%00%(upstream:short)%00%(objectname)%00%(upstream:track)%00%(upstream:remotename)%00%(upstream:remoteref) refs/heads/main refs/remotes/main [1ms]
2024-11-19 19:33:48.194 [warning] [Git][getBranch] No such branch: main
2024-11-19 19:33:48.210 [info] > git for-each-ref --sort -committerdate --format %(refname) %(objectname) %(*objectname) [2ms]
2024-11-19 19:33:48.242 [info] > git status -z -uall [42ms]
2024-11-19 19:33:53.387 [info] > git config --get commit.template [7ms]
2024-11-19 19:33:53.387 [info] > git for-each-ref --format=%(refname)%00%(upstream:short)%00%(objectname)%00%(upstream:track)%00%(upstream:remotename)%00%(upstream:remoteref) refs/heads/main refs/remotes/main [1ms]
2024-11-19 19:33:53.387 [warning] [Git][getBranch] No such branch: main
2024-11-19 19:33:53.402 [info] > git for-each-ref --sort -committerdate --format %(refname) %(objectname) %(*objectname) [2ms]
2024-11-19 19:33:53.434 [info] > git status -z -uall [41ms]
2024-11-19 19:33:58.592 [info] > git config --get commit.template [6ms]
2024-11-19 19:33:58.593 [info] > git for-each-ref --format=%(refname)%00%(upstream:short)%00%(objectname)%00%(upstream:track)%00%(upstream:remotename)%00%(upstream:remoteref) refs/heads/main refs/remotes/main [2ms]
2024-11-19 19:33:58.593 [warning] [Git][getBranch] No such branch: main
2024-11-19 19:33:58.607 [info] > git for-each-ref --sort -committerdate --format %(refname) %(objectname) %(*objectname) [2ms]
2024-11-19 19:33:58.638 [info] > git status -z -uall [40ms]
2024-11-19 19:34:03.792 [info] > git config --get commit.template [7ms]
2024-11-19 19:34:03.793 [info] > git for-each-ref --format=%(refname)%00%(upstream:short)%00%(objectname)%00%(upstream:track)%00%(upstream:remotename)%00%(upstream:remoteref) refs/heads/main refs/remotes/main [1ms]
2024-11-19 19:34:03.794 [warning] [Git][getBranch] No such branch: main
2024-11-19 19:34:03.810 [info] > git for-each-ref --sort -committerdate --format %(refname) %(objectname) %(*objectname) [2ms]
2024-11-19 19:34:03.840 [info] > git status -z -uall [40ms]
2024-11-19 19:34:12.303 [info] > git config --get commit.template [7ms]
2024-11-19 19:34:12.303 [info] > git for-each-ref --format=%(refname)%00%(upstream:short)%00%(objectname)%00%(upstream:track)%00%(upstream:remotename)%00%(upstream:remoteref) refs/heads/main refs/remotes/main [1ms]
2024-11-19 19:34:12.303 [warning] [Git][getBranch] No such branch: main
2024-11-19 19:34:12.317 [info] > git for-each-ref --sort -committerdate --format %(refname) %(objectname) %(*objectname) [2ms]
2024-11-19 19:34:12.348 [info] > git status -z -uall [40ms]
2024-11-19 19:34:17.485 [info] > git config --get commit.template [8ms]
2024-11-19 19:34:17.486 [info] > git for-each-ref --format=%(refname)%00%(upstream:short)%00%(objectname)%00%(upstream:track)%00%(upstream:remotename)%00%(upstream:remoteref) refs/heads/main refs/remotes/main [2ms]
2024-11-19 19:34:17.486 [warning] [Git][getBranch] No such branch: main
2024-11-19 19:34:17.502 [info] > git for-each-ref --sort -committerdate --format %(refname) %(objectname) %(*objectname) [2ms]
2024-11-19 19:34:17.533 [info] > git status -z -uall [41ms]
2024-11-19 19:34:22.680 [info] > git config --get commit.template [8ms]
2024-11-19 19:34:22.681 [info] > git for-each-ref --format=%(refname)%00%(upstream:short)%00%(objectname)%00%(upstream:track)%00%(upstream:remotename)%00%(upstream:remoteref) refs/heads/main refs/remotes/main [1ms]
2024-11-19 19:34:22.681 [warning] [Git][getBranch] No such branch: main
2024-11-19 19:34:22.695 [info] > git for-each-ref --sort -committerdate --format %(refname) %(objectname) %(*objectname) [2ms]
2024-11-19 19:34:22.725 [info] > git status -z -uall [39ms]
2024-11-19 19:34:28.653 [info] > git config --get commit.template [8ms]
2024-11-19 19:34:28.653 [info] > git for-each-ref --format=%(refname)%00%(upstream:short)%00%(objectname)%00%(upstream:track)%00%(upstream:remotename)%00%(upstream:remoteref) refs/heads/main refs/remotes/main [1ms]
2024-11-19 19:34:28.654 [warning] [Git][getBranch] No such branch: main
2024-11-19 19:34:28.670 [info] > git for-each-ref --sort -committerdate --format %(refname) %(objectname) %(*objectname) [2ms]
2024-11-19 19:34:28.703 [info] > git status -z -uall [43ms]
2024-11-19 19:34:33.847 [info] > git config --get commit.template [9ms]
2024-11-19 19:34:33.848 [info] > git for-each-ref --format=%(refname)%00%(upstream:short)%00%(objectname)%00%(upstream:track)%00%(upstream:remotename)%00%(upstream:remoteref) refs/heads/main refs/remotes/main [2ms]
2024-11-19 19:34:33.876 [warning] [Git][getBranch] No such branch: main
2024-11-19 19:34:33.891 [info] > git for-each-ref --sort -committerdate --format %(refname) %(objectname) %(*objectname) [2ms]
2024-11-19 19:34:33.927 [info] > git status -z -uall [46ms]
2024-11-19 19:34:39.158 [info] > git config --get commit.template [6ms]
2024-11-19 19:34:39.158 [info] > git for-each-ref --format=%(refname)%00%(upstream:short)%00%(objectname)%00%(upstream:track)%00%(upstream:remotename)%00%(upstream:remoteref) refs/heads/main refs/remotes/main [1ms]
2024-11-19 19:34:39.159 [warning] [Git][getBranch] No such branch: main
2024-11-19 19:34:39.173 [info] > git for-each-ref --sort -committerdate --format %(refname) %(objectname) %(*objectname) [2ms]
2024-11-19 19:34:39.205 [info] > git status -z -uall [41ms]
2024-11-19 19:34:44.357 [info] > git config --get commit.template [9ms]
2024-11-19 19:34:44.358 [info] > git for-each-ref --format=%(refname)%00%(upstream:short)%00%(objectname)%00%(upstream:track)%00%(upstream:remotename)%00%(upstream:remoteref) refs/heads/main refs/remotes/main [2ms]
2024-11-19 19:34:44.359 [warning] [Git][getBranch] No such branch: main
2024-11-19 19:34:44.377 [info] > git for-each-ref --sort -committerdate --format %(refname) %(objectname) %(*objectname) [3ms]
2024-11-19 19:34:44.420 [info] > git status -z -uall [55ms]
2024-11-19 19:35:42.410 [info] > git config --get commit.template [5ms]
2024-11-19 19:35:42.420 [info] > git for-each-ref --format=%(refname)%00%(upstream:short)%00%(objectname)%00%(upstream:track)%00%(upstream:remotename)%00%(upstream:remoteref) refs/heads/main refs/remotes/main [2ms]
2024-11-19 19:35:42.420 [warning] [Git][getBranch] No such branch: main
2024-11-19 19:35:42.435 [info] > git for-each-ref --sort -committerdate --format %(refname) %(objectname) %(*objectname) [2ms]
2024-11-19 19:35:42.482 [info] > git status -z -uall [57ms]
2024-11-19 19:35:47.696 [info] > git config --get commit.template [8ms]
2024-11-19 19:35:47.696 [info] > git for-each-ref --format=%(refname)%00%(upstream:short)%00%(objectname)%00%(upstream:track)%00%(upstream:remotename)%00%(upstream:remoteref) refs/heads/main refs/remotes/main [1ms]
2024-11-19 19:35:47.696 [warning] [Git][getBranch] No such branch: main
2024-11-19 19:35:47.712 [info] > git for-each-ref --sort -committerdate --format %(refname) %(objectname) %(*objectname) [2ms]
2024-11-19 19:35:47.741 [info] > git status -z -uall [38ms]
2024-11-19 19:35:52.877 [info] > git config --get commit.template [7ms]
2024-11-19 19:35:52.878 [info] > git for-each-ref --format=%(refname)%00%(upstream:short)%00%(objectname)%00%(upstream:track)%00%(upstream:remotename)%00%(upstream:remoteref) refs/heads/main refs/remotes/main [2ms]
2024-11-19 19:35:52.878 [warning] [Git][getBranch] No such branch: main
2024-11-19 19:35:52.893 [info] > git for-each-ref --sort -committerdate --format %(refname) %(objectname) %(*objectname) [2ms]
2024-11-19 19:35:52.928 [info] > git status -z -uall [45ms]
2024-11-19 19:36:09.132 [info] > git config --get commit.template [12ms]
2024-11-19 19:36:09.133 [info] > git for-each-ref --format=%(refname)%00%(upstream:short)%00%(objectname)%00%(upstream:track)%00%(upstream:remotename)%00%(upstream:remoteref) refs/heads/main refs/remotes/main [4ms]
2024-11-19 19:36:09.134 [warning] [Git][getBranch] No such branch: main
2024-11-19 19:36:09.155 [info] > git for-each-ref --sort -committerdate --format %(refname) %(objectname) %(*objectname) [2ms]
2024-11-19 19:36:09.200 [info] > git status -z -uall [60ms]
2024-11-19 19:36:14.412 [info] > git config --get commit.template [8ms]
2024-11-19 19:36:14.412 [info] > git for-each-ref --format=%(refname)%00%(upstream:short)%00%(objectname)%00%(upstream:track)%00%(upstream:remotename)%00%(upstream:remoteref) refs/heads/main refs/remotes/main [1ms]
2024-11-19 19:36:14.412 [warning] [Git][getBranch] No such branch: main
2024-11-19 19:36:14.428 [info] > git for-each-ref --sort -committerdate --format %(refname) %(objectname) %(*objectname) [2ms]
2024-11-19 19:36:14.463 [info] > git status -z -uall [44ms]
2024-11-19 19:36:19.610 [info] > git config --get commit.template [8ms]
2024-11-19 19:36:19.610 [info] > git for-each-ref --format=%(refname)%00%(upstream:short)%00%(objectname)%00%(upstream:track)%00%(upstream:remotename)%00%(upstream:remoteref) refs/heads/main refs/remotes/main [1ms]
2024-11-19 19:36:19.610 [warning] [Git][getBranch] No such branch: main
2024-11-19 19:36:19.624 [info] > git for-each-ref --sort -committerdate --format %(refname) %(objectname) %(*objectname) [2ms]
2024-11-19 19:36:19.655 [info] > git status -z -uall [40ms]
2024-11-19 19:36:24.809 [info] > git config --get commit.template [6ms]
2024-11-19 19:36:24.810 [info] > git for-each-ref --format=%(refname)%00%(upstream:short)%00%(objectname)%00%(upstream:track)%00%(upstream:remotename)%00%(upstream:remoteref) refs/heads/main refs/remotes/main [2ms]
2024-11-19 19:36:24.810 [warning] [Git][getBranch] No such branch: main
2024-11-19 19:36:24.825 [info] > git for-each-ref --sort -committerdate --format %(refname) %(objectname) %(*objectname) [1ms]
2024-11-19 19:36:24.862 [info] > git status -z -uall [47ms]
2024-11-19 19:36:30.084 [info] > git config --get commit.template [6ms]
2024-11-19 19:36:30.085 [info] > git for-each-ref --format=%(refname)%00%(upstream:short)%00%(objectname)%00%(upstream:track)%00%(upstream:remotename)%00%(upstream:remoteref) refs/heads/main refs/remotes/main [1ms]
2024-11-19 19:36:30.085 [warning] [Git][getBranch] No such branch: main
2024-11-19 19:36:30.101 [info] > git for-each-ref --sort -committerdate --format %(refname) %(objectname) %(*objectname) [2ms]
2024-11-19 19:36:30.133 [info] > git status -z -uall [43ms]
2024-11-19 19:36:35.804 [info] > git config --get commit.template [5ms]
2024-11-19 19:36:35.806 [info] > git for-each-ref --format=%(refname)%00%(upstream:short)%00%(objectname)%00%(upstream:track)%00%(upstream:remotename)%00%(upstream:remoteref) refs/heads/main refs/remotes/main [1ms]
2024-11-19 19:36:35.806 [warning] [Git][getBranch] No such branch: main
2024-11-19 19:36:35.821 [info] > git for-each-ref --sort -committerdate --format %(refname) %(objectname) %(*objectname) [2ms]
2024-11-19 19:36:35.852 [info] > git status -z -uall [42ms]
2024-11-19 19:36:41.010 [info] > git config --get commit.template [12ms]
2024-11-19 19:36:41.011 [info] > git for-each-ref --format=%(refname)%00%(upstream:short)%00%(objectname)%00%(upstream:track)%00%(upstream:remotename)%00%(upstream:remoteref) refs/heads/main refs/remotes/main [2ms]
2024-11-19 19:36:41.011 [warning] [Git][getBranch] No such branch: main
2024-11-19 19:36:41.026 [info] > git for-each-ref --sort -committerdate --format %(refname) %(objectname) %(*objectname) [2ms]
2024-11-19 19:36:41.059 [info] > git status -z -uall [42ms]
2024-11-19 19:36:46.068 [info] > git log --format=%H%n%aN%n%aE%n%at%n%ct%n%P%n%D%n%B -z -n120 --follow -- /root/styles.css [3ms]
2024-11-19 19:36:46.068 [info] fatal: your current branch 'main' does not have any commits yet
2024-11-19 19:36:46.203 [info] > git config --get commit.template [9ms]
2024-11-19 19:36:46.206 [info] > git for-each-ref --format=%(refname)%00%(upstream:short)%00%(objectname)%00%(upstream:track)%00%(upstream:remotename)%00%(upstream:remoteref) refs/heads/main refs/remotes/main [2ms]
2024-11-19 19:36:46.206 [warning] [Git][getBranch] No such branch: main
2024-11-19 19:36:46.220 [info] > git for-each-ref --sort -committerdate --format %(refname) %(objectname) %(*objectname) [2ms]
2024-11-19 19:36:46.253 [info] > git status -z -uall [42ms]
2024-11-19 19:36:47.785 [info] > git ls-files --stage -- /root/styles.css [11ms]
2024-11-19 19:36:47.798 [info] > git show --textconv :styles.css [34ms]
2024-11-19 19:36:47.800 [info] > git cat-file -s c2d4689ca8ac668307b88323b9c82602b50657c4 [4ms]
2024-11-19 19:36:51.401 [info] > git config --get commit.template [8ms]
2024-11-19 19:36:51.401 [info] > git for-each-ref --format=%(refname)%00%(upstream:short)%00%(objectname)%00%(upstream:track)%00%(upstream:remotename)%00%(upstream:remoteref) refs/heads/main refs/remotes/main [1ms]
2024-11-19 19:36:51.402 [warning] [Git][getBranch] No such branch: main
2024-11-19 19:36:51.417 [info] > git for-each-ref --sort -committerdate --format %(refname) %(objectname) %(*objectname) [2ms]
2024-11-19 19:36:51.446 [info] > git status -z -uall [39ms]
2024-11-19 19:36:56.597 [info] > git config --get commit.template [10ms]
2024-11-19 19:36:56.597 [info] > git for-each-ref --format=%(refname)%00%(upstream:short)%00%(objectname)%00%(upstream:track)%00%(upstream:remotename)%00%(upstream:remoteref) refs/heads/main refs/remotes/main [1ms]
2024-11-19 19:36:56.597 [warning] [Git][getBranch] No such branch: main
2024-11-19 19:36:56.614 [info] > git for-each-ref --sort -committerdate --format %(refname) %(objectname) %(*objectname) [2ms]
2024-11-19 19:36:56.665 [info] > git status -z -uall [62ms]
2024-11-19 19:37:09.828 [info] > git config --get commit.template [10ms]
2024-11-19 19:37:09.828 [info] > git for-each-ref --format=%(refname)%00%(upstream:short)%00%(objectname)%00%(upstream:track)%00%(upstream:remotename)%00%(upstream:remoteref) refs/heads/main refs/remotes/main [1ms]
2024-11-19 19:37:09.829 [warning] [Git][getBranch] No such branch: main
2024-11-19 19:37:09.842 [info] > git for-each-ref --sort -committerdate --format %(refname) %(objectname) %(*objectname) [2ms]
2024-11-19 19:37:09.882 [info] > git status -z -uall [49ms]
2024-11-19 19:37:15.080 [info] > git config --get commit.template [8ms]
2024-11-19 19:37:15.081 [info] > git for-each-ref --format=%(refname)%00%(upstream:short)%00%(objectname)%00%(upstream:track)%00%(upstream:remotename)%00%(upstream:remoteref) refs/heads/main refs/remotes/main [1ms]
2024-11-19 19:37:15.081 [warning] [Git][getBranch] No such branch: main
2024-11-19 19:37:15.096 [info] > git for-each-ref --sort -committerdate --format %(refname) %(objectname) %(*objectname) [2ms]
2024-11-19 19:37:15.147 [info] > git status -z -uall [60ms]
2024-11-19 19:37:20.375 [info] > git config --get commit.template [3ms]
2024-11-19 19:37:20.384 [info] > git for-each-ref --format=%(refname)%00%(upstream:short)%00%(objectname)%00%(upstream:track)%00%(upstream:remotename)%00%(upstream:remoteref) refs/heads/main refs/remotes/main [2ms]
2024-11-19 19:37:20.384 [warning] [Git][getBranch] No such branch: main
2024-11-19 19:37:20.401 [info] > git for-each-ref --sort -committerdate --format %(refname) %(objectname) %(*objectname) [2ms]
2024-11-19 19:37:20.441 [info] > git status -z -uall [51ms]
2024-11-19 19:37:22.391 [info] > git log --format=%H%n%aN%n%aE%n%at%n%ct%n%P%n%D%n%B -z -n120 --follow -- /root/index.html [11ms]
2024-11-19 19:37:22.391 [info] fatal: your current branch 'main' does not have any commits yet
2024-11-19 19:37:22.483 [info] > git show --textconv :index.html [11ms]
2024-11-19 19:37:22.488 [info] > git ls-files --stage -- /root/index.html [7ms]
2024-11-19 19:37:22.500 [info] > git cat-file -s 767e63477b343c48230ad3b80227d7642b13f529 [3ms]
2024-11-19 19:37:27.140 [info] > git config --get commit.template [20ms]
2024-11-19 19:37:27.141 [info] > git for-each-ref --format=%(refname)%00%(upstream:short)%00%(objectname)%00%(upstream:track)%00%(upstream:remotename)%00%(upstream:remoteref) refs/heads/main refs/remotes/main [3ms]
2024-11-19 19:37:27.141 [warning] [Git][getBranch] No such branch: main
2024-11-19 19:37:27.162 [info] > git for-each-ref --sort -committerdate --format %(refname) %(objectname) %(*objectname) [2ms]
2024-11-19 19:37:27.194 [info] > git status -z -uall [44ms]
2024-11-19 19:37:33.564 [info] > git config --get commit.template [2ms]
2024-11-19 19:37:33.574 [info] > git for-each-ref --format=%(refname)%00%(upstream:short)%00%(objectname)%00%(upstream:track)%00%(upstream:remotename)%00%(upstream:remoteref) refs/heads/main refs/remotes/main [2ms]
2024-11-19 19:37:33.574 [warning] [Git][getBranch] No such branch: main
2024-11-19 19:37:33.604 [info] > git for-each-ref --sort -committerdate --format %(refname) %(objectname) %(*objectname) [3ms]
2024-11-19 19:37:33.643 [info] > git status -z -uall [60ms]
2024-11-19 19:37:38.821 [info] > git config --get commit.template [6ms]
2024-11-19 19:37:38.821 [info] > git for-each-ref --format=%(refname)%00%(upstream:short)%00%(objectname)%00%(upstream:track)%00%(upstream:remotename)%00%(upstream:remoteref) refs/heads/main refs/remotes/main [1ms]
2024-11-19 19:37:38.821 [warning] [Git][getBranch] No such branch: main
2024-11-19 19:37:38.835 [info] > git for-each-ref --sort -committerdate --format %(refname) %(objectname) %(*objectname) [2ms]
2024-11-19 19:37:38.866 [info] > git status -z -uall [41ms]
2024-11-19 19:37:44.011 [info] > git config --get commit.template [7ms]
2024-11-19 19:37:44.011 [info] > git for-each-ref --format=%(refname)%00%(upstream:short)%00%(objectname)%00%(upstream:track)%00%(upstream:remotename)%00%(upstream:remoteref) refs/heads/main refs/remotes/main [1ms]
2024-11-19 19:37:44.011 [warning] [Git][getBranch] No such branch: main
2024-11-19 19:37:44.027 [info] > git for-each-ref --sort -committerdate --format %(refname) %(objectname) %(*objectname) [2ms]
2024-11-19 19:37:44.061 [info] > git status -z -uall [44ms]
2024-11-19 19:37:49.208 [info] > git config --get commit.template [13ms]
2024-11-19 19:37:49.209 [info] > git for-each-ref --format=%(refname)%00%(upstream:short)%00%(objectname)%00%(upstream:track)%00%(upstream:remotename)%00%(upstream:remoteref) refs/heads/main refs/remotes/main [3ms]
2024-11-19 19:37:49.209 [warning] [Git][getBranch] No such branch: main
2024-11-19 19:37:49.225 [info] > git for-each-ref --sort -committerdate --format %(refname) %(objectname) %(*objectname) [2ms]
2024-11-19 19:37:49.254 [info] > git status -z -uall [38ms]
2024-11-19 19:37:51.522 [info] > git rev-list --count index.. -- /root/index.html [107ms]
2024-11-19 19:37:51.522 [info] fatal: bad revision 'index..'
2024-11-19 19:37:51.530 [info] > git log --format=%H%n%aN%n%aE%n%at%n%ct%n%P%n%D%n%B -z --follow -- /root/index.html [1ms]
2024-11-19 19:37:51.531 [info] fatal: your current branch 'main' does not have any commits yet
2024-11-19 19:37:52.011 [info] > git ls-files --stage -- /root/index.html [5ms]
2024-11-19 19:37:52.019 [info] > git cat-file -s 767e63477b343c48230ad3b80227d7642b13f529 [2ms]
2024-11-19 19:37:52.037 [info] > git show --textconv :index.html [4ms]
2024-11-19 19:37:54.391 [info] > git config --get commit.template [7ms]
2024-11-19 19:37:54.391 [info] > git for-each-ref --format=%(refname)%00%(upstream:short)%00%(objectname)%00%(upstream:track)%00%(upstream:remotename)%00%(upstream:remoteref) refs/heads/main refs/remotes/main [1ms]
2024-11-19 19:37:54.391 [warning] [Git][getBranch] No such branch: main
2024-11-19 19:37:54.407 [info] > git for-each-ref --sort -committerdate --format %(refname) %(objectname) %(*objectname) [1ms]
2024-11-19 19:37:54.435 [info] > git status -z -uall [38ms]
2024-11-19 19:37:57.434 [info] > git config --get commit.template [7ms]
2024-11-19 19:37:57.435 [info] > git for-each-ref --format=%(refname)%00%(upstream:short)%00%(objectname)%00%(upstream:track)%00%(upstream:remotename)%00%(upstream:remoteref) refs/heads/main refs/remotes/main [1ms]
2024-11-19 19:37:57.435 [warning] [Git][getBranch] No such branch: main
2024-11-19 19:37:57.449 [info] > git for-each-ref --sort -committerdate --format %(refname) %(objectname) %(*objectname) [2ms]
2024-11-19 19:37:57.480 [info] > git status -z -uall [40ms]
2024-11-19 19:37:59.574 [info] > git config --get commit.template [7ms]
2024-11-19 19:37:59.575 [info] > git for-each-ref --format=%(refname)%00%(upstream:short)%00%(objectname)%00%(upstream:track)%00%(upstream:remotename)%00%(upstream:remoteref) refs/heads/main refs/remotes/main [1ms]
2024-11-19 19:37:59.575 [warning] [Git][getBranch] No such branch: main
2024-11-19 19:37:59.590 [info] > git for-each-ref --sort -committerdate --format %(refname) %(objectname) %(*objectname) [2ms]
2024-11-19 19:37:59.624 [info] > git status -z -uall [44ms]
2024-11-19 19:38:04.876 [info] > git config --get commit.template [6ms]
2024-11-19 19:38:04.876 [info] > git for-each-ref --format=%(refname)%00%(upstream:short)%00%(objectname)%00%(upstream:track)%00%(upstream:remotename)%00%(upstream:remoteref) refs/heads/main refs/remotes/main [1ms]
2024-11-19 19:38:04.876 [warning] [Git][getBranch] No such branch: main
2024-11-19 19:38:04.889 [info] > git for-each-ref --sort -committerdate --format %(refname) %(objectname) %(*objectname) [2ms]
2024-11-19 19:38:04.920 [info] > git status -z -uall [39ms]
2024-11-19 19:38:10.067 [info] > git config --get commit.template [9ms]
2024-11-19 19:38:10.068 [info] > git for-each-ref --format=%(refname)%00%(upstream:short)%00%(objectname)%00%(upstream:track)%00%(upstream:remotename)%00%(upstream:remoteref) refs/heads/main refs/remotes/main [2ms]
2024-11-19 19:38:10.068 [warning] [Git][getBranch] No such branch: main
2024-11-19 19:38:10.084 [info] > git for-each-ref --sort -committerdate --format %(refname) %(objectname) %(*objectname) [2ms]
2024-11-19 19:38:10.128 [info] > git status -z -uall [53ms]
2024-11-19 19:38:14.988 [info] > git config --get commit.template [7ms]
2024-11-19 19:38:14.988 [info] > git for-each-ref --format=%(refname)%00%(upstream:short)%00%(objectname)%00%(upstream:track)%00%(upstream:remotename)%00%(upstream:remoteref) refs/heads/main refs/remotes/main [1ms]
2024-11-19 19:38:14.989 [warning] [Git][getBranch] No such branch: main
2024-11-19 19:38:15.005 [info] > git for-each-ref --sort -committerdate --format %(refname) %(objectname) %(*objectname) [1ms]
2024-11-19 19:38:15.038 [info] > git status -z -uall [43ms]
2024-11-19 19:38:15.976 [info] > git config --get commit.template [11ms]
2024-11-19 19:38:15.978 [info] > git for-each-ref --format=%(refname)%00%(upstream:short)%00%(objectname)%00%(upstream:track)%00%(upstream:remotename)%00%(upstream:remoteref) refs/heads/main refs/remotes/main [3ms]
2024-11-19 19:38:15.978 [warning] [Git][getBranch] No such branch: main
2024-11-19 19:38:15.996 [info] > git for-each-ref --sort -committerdate --format %(refname) %(objectname) %(*objectname) [2ms]
2024-11-19 19:38:16.035 [info] > git status -z -uall [50ms]
2024-11-19 19:38:16.035 [info] > git rev-list --count index.. -- /root/index.html [7ms]
2024-11-19 19:38:16.046 [info] fatal: bad revision 'index..'
2024-11-19 19:38:16.181 [info] > git log --format=%H%n%aN%n%aE%n%at%n%ct%n%P%n%D%n%B -z --follow -- /root/index.html [124ms]
2024-11-19 19:38:16.181 [info] fatal: your current branch 'main' does not have any commits yet
2024-11-19 19:38:16.954 [info] > git ls-files --stage -- /root/index.html [6ms]
2024-11-19 19:38:16.966 [info] > git cat-file -s 767e63477b343c48230ad3b80227d7642b13f529 [2ms]
2024-11-19 19:38:16.986 [info] > git show --textconv :index.html [6ms]
2024-11-19 19:38:21.200 [info] > git config --get commit.template [7ms]
2024-11-19 19:38:21.201 [info] > git for-each-ref --format=%(refname)%00%(upstream:short)%00%(objectname)%00%(upstream:track)%00%(upstream:remotename)%00%(upstream:remoteref) refs/heads/main refs/remotes/main [2ms]
2024-11-19 19:38:21.201 [warning] [Git][getBranch] No such branch: main
2024-11-19 19:38:21.217 [info] > git for-each-ref --sort -committerdate --format %(refname) %(objectname) %(*objectname) [2ms]
2024-11-19 19:38:21.239 [info] > git status -z -uall [32ms]
2024-11-19 19:38:26.333 [info] > git config --get commit.template [7ms]
2024-11-19 19:38:26.334 [info] > git for-each-ref --format=%(refname)%00%(upstream:short)%00%(objectname)%00%(upstream:track)%00%(upstream:remotename)%00%(upstream:remoteref) refs/heads/main refs/remotes/main [1ms]
2024-11-19 19:38:26.334 [warning] [Git][getBranch] No such branch: main
2024-11-19 19:38:26.352 [info] > git for-each-ref --sort -committerdate --format %(refname) %(objectname) %(*objectname) [3ms]
2024-11-19 19:38:26.377 [info] > git status -z -uall [36ms]
2024-11-19 19:38:31.450 [info] > git config --get commit.template [6ms]
2024-11-19 19:38:31.451 [info] > git for-each-ref --format=%(refname)%00%(upstream:short)%00%(objectname)%00%(upstream:track)%00%(upstream:remotename)%00%(upstream:remoteref) refs/heads/main refs/remotes/main [2ms]
2024-11-19 19:38:31.451 [warning] [Git][getBranch] No such branch: main
2024-11-19 19:38:31.466 [info] > git for-each-ref --sort -committerdate --format %(refname) %(objectname) %(*objectname) [3ms]
2024-11-19 19:38:31.494 [info] > git status -z -uall [39ms]
2024-11-19 19:38:36.580 [info] > git config --get commit.template [7ms]
2024-11-19 19:38:36.580 [info] > git for-each-ref --format=%(refname)%00%(upstream:short)%00%(objectname)%00%(upstream:track)%00%(upstream:remotename)%00%(upstream:remoteref) refs/heads/main refs/remotes/main [1ms]
2024-11-19 19:38:36.580 [warning] [Git][getBranch] No such branch: main
2024-11-19 19:38:36.595 [info] > git for-each-ref --sort -committerdate --format %(refname) %(objectname) %(*objectname) [2ms]
2024-11-19 19:38:36.615 [info] > git status -z -uall [30ms]
2024-11-19 19:38:41.691 [info] > git config --get commit.template [7ms]
2024-11-19 19:38:41.692 [info] > git for-each-ref --format=%(refname)%00%(upstream:short)%00%(objectname)%00%(upstream:track)%00%(upstream:remotename)%00%(upstream:remoteref) refs/heads/main refs/remotes/main [1ms]
2024-11-19 19:38:41.692 [warning] [Git][getBranch] No such branch: main
2024-11-19 19:38:41.709 [info] > git for-each-ref --sort -committerdate --format %(refname) %(objectname) %(*objectname) [2ms]
2024-11-19 19:38:41.734 [info] > git status -z -uall [35ms]
2024-11-19 19:38:46.812 [info] > git config --get commit.template [5ms]
2024-11-19 19:38:46.813 [info] > git for-each-ref --format=%(refname)%00%(upstream:short)%00%(objectname)%00%(upstream:track)%00%(upstream:remotename)%00%(upstream:remoteref) refs/heads/main refs/remotes/main [1ms]
2024-11-19 19:38:46.813 [warning] [Git][getBranch] No such branch: main
2024-11-19 19:38:46.828 [info] > git for-each-ref --sort -committerdate --format %(refname) %(objectname) %(*objectname) [2ms]
2024-11-19 19:38:46.855 [info] > git status -z -uall [37ms]
2024-11-19 19:38:51.927 [info] > git config --get commit.template [6ms]
2024-11-19 19:38:51.928 [info] > git for-each-ref --format=%(refname)%00%(upstream:short)%00%(objectname)%00%(upstream:track)%00%(upstream:remotename)%00%(upstream:remoteref) refs/heads/main refs/remotes/main [1ms]
2024-11-19 19:38:51.928 [warning] [Git][getBranch] No such branch: main
2024-11-19 19:38:51.942 [info] > git for-each-ref --sort -committerdate --format %(refname) %(objectname) %(*objectname) [2ms]
2024-11-19 19:38:51.964 [info] > git status -z -uall [31ms]
2024-11-19 19:38:57.041 [info] > git config --get commit.template [7ms]
2024-11-19 19:38:57.042 [info] > git for-each-ref --format=%(refname)%00%(upstream:short)%00%(objectname)%00%(upstream:track)%00%(upstream:remotename)%00%(upstream:remoteref) refs/heads/main refs/remotes/main [1ms]
2024-11-19 19:38:57.042 [warning] [Git][getBranch] No such branch: main
2024-11-19 19:38:57.056 [info] > git for-each-ref --sort -committerdate --format %(refname) %(objectname) %(*objectname) [2ms]
2024-11-19 19:38:57.076 [info] > git status -z -uall [29ms]
2024-11-19 19:39:02.163 [info] > git config --get commit.template [9ms]
2024-11-19 19:39:02.164 [info] > git for-each-ref --format=%(refname)%00%(upstream:short)%00%(objectname)%00%(upstream:track)%00%(upstream:remotename)%00%(upstream:remoteref) refs/heads/main refs/remotes/main [1ms]
2024-11-19 19:39:02.164 [warning] [Git][getBranch] No such branch: main
2024-11-19 19:39:02.180 [info] > git for-each-ref --sort -committerdate --format %(refname) %(objectname) %(*objectname) [2ms]
2024-11-19 19:39:02.205 [info] > git status -z -uall [35ms]
2024-11-19 19:39:07.289 [info] > git config --get commit.template [8ms]
2024-11-19 19:39:07.290 [info] > git for-each-ref --format=%(refname)%00%(upstream:short)%00%(objectname)%00%(upstream:track)%00%(upstream:remotename)%00%(upstream:remoteref) refs/heads/main refs/remotes/main [2ms]
2024-11-19 19:39:07.290 [warning] [Git][getBranch] No such branch: main
2024-11-19 19:39:07.307 [info] > git for-each-ref --sort -committerdate --format %(refname) %(objectname) %(*objectname) [1ms]
2024-11-19 19:39:07.328 [info] > git status -z -uall [33ms]
2024-11-19 19:39:12.405 [info] > git config --get commit.template [5ms]
2024-11-19 19:39:12.405 [info] > git for-each-ref --format=%(refname)%00%(upstream:short)%00%(objectname)%00%(upstream:track)%00%(upstream:remotename)%00%(upstream:remoteref) refs/heads/main refs/remotes/main [1ms]
2024-11-19 19:39:12.405 [warning] [Git][getBranch] No such branch: main
2024-11-19 19:39:12.420 [info] > git for-each-ref --sort -committerdate --format %(refname) %(objectname) %(*objectname) [1ms]
2024-11-19 19:39:12.442 [info] > git status -z -uall [31ms]
2024-11-19 19:39:17.524 [info] > git config --get commit.template [6ms]
2024-11-19 19:39:17.524 [info] > git for-each-ref --format=%(refname)%00%(upstream:short)%00%(objectname)%00%(upstream:track)%00%(upstream:remotename)%00%(upstream:remoteref) refs/heads/main refs/remotes/main [1ms]
2024-11-19 19:39:17.525 [warning] [Git][getBranch] No such branch: main
2024-11-19 19:39:17.540 [info] > git for-each-ref --sort -committerdate --format %(refname) %(objectname) %(*objectname) [2ms]
2024-11-19 19:39:17.566 [info] > git status -z -uall [36ms]
2024-11-19 19:39:22.659 [info] > git config --get commit.template [6ms]
2024-11-19 19:39:22.660 [info] > git for-each-ref --format=%(refname)%00%(upstream:short)%00%(objectname)%00%(upstream:track)%00%(upstream:remotename)%00%(upstream:remoteref) refs/heads/main refs/remotes/main [2ms]
2024-11-19 19:39:22.660 [warning] [Git][getBranch] No such branch: main
2024-11-19 19:39:22.675 [info] > git for-each-ref --sort -committerdate --format %(refname) %(objectname) %(*objectname) [2ms]
2024-11-19 19:39:22.699 [info] > git status -z -uall [34ms]
2024-11-19 19:39:27.781 [info] > git config --get commit.template [7ms]
2024-11-19 19:39:27.781 [info] > git for-each-ref --format=%(refname)%00%(upstream:short)%00%(objectname)%00%(upstream:track)%00%(upstream:remotename)%00%(upstream:remoteref) refs/heads/main refs/remotes/main [1ms]
2024-11-19 19:39:27.781 [warning] [Git][getBranch] No such branch: main
2024-11-19 19:39:27.796 [info] > git for-each-ref --sort -committerdate --format %(refname) %(objectname) %(*objectname) [2ms]
2024-11-19 19:39:27.818 [info] > git status -z -uall [30ms]
2024-11-19 19:39:32.900 [info] > git config --get commit.template [8ms]
2024-11-19 19:39:32.900 [info] > git for-each-ref --format=%(refname)%00%(upstream:short)%00%(objectname)%00%(upstream:track)%00%(upstream:remotename)%00%(upstream:remoteref) refs/heads/main refs/remotes/main [1ms]
2024-11-19 19:39:32.900 [warning] [Git][getBranch] No such branch: main
2024-11-19 19:39:32.914 [info] > git for-each-ref --sort -committerdate --format %(refname) %(objectname) %(*objectname) [2ms]
2024-11-19 19:39:32.943 [info] > git status -z -uall [38ms]
2024-11-19 19:39:38.025 [info] > git config --get commit.template [7ms]
2024-11-19 19:39:38.026 [info] > git for-each-ref --format=%(refname)%00%(upstream:short)%00%(objectname)%00%(upstream:track)%00%(upstream:remotename)%00%(upstream:remoteref) refs/heads/main refs/remotes/main [1ms]
2024-11-19 19:39:38.026 [warning] [Git][getBranch] No such branch: main
2024-11-19 19:39:38.043 [info] > git for-each-ref --sort -committerdate --format %(refname) %(objectname) %(*objectname) [3ms]
2024-11-19 19:39:38.065 [info] > git status -z -uall [33ms]
2024-11-19 19:39:43.139 [info] > git config --get commit.template [6ms]
2024-11-19 19:39:43.139 [info] > git for-each-ref --format=%(refname)%00%(upstream:short)%00%(objectname)%00%(upstream:track)%00%(upstream:remotename)%00%(upstream:remoteref) refs/heads/main refs/remotes/main [1ms]
2024-11-19 19:39:43.139 [warning] [Git][getBranch] No such branch: main
2024-11-19 19:39:43.154 [info] > git for-each-ref --sort -committerdate --format %(refname) %(objectname) %(*objectname) [2ms]
2024-11-19 19:39:43.175 [info] > git status -z -uall [31ms]
2024-11-19 19:39:48.252 [info] > git config --get commit.template [6ms]
2024-11-19 19:39:48.253 [info] > git for-each-ref --format=%(refname)%00%(upstream:short)%00%(objectname)%00%(upstream:track)%00%(upstream:remotename)%00%(upstream:remoteref) refs/heads/main refs/remotes/main [2ms]
2024-11-19 19:39:48.253 [warning] [Git][getBranch] No such branch: main
2024-11-19 19:39:48.267 [info] > git for-each-ref --sort -committerdate --format %(refname) %(objectname) %(*objectname) [3ms]
2024-11-19 19:39:48.290 [info] > git status -z -uall [33ms]
2024-11-19 19:39:53.362 [info] > git config --get commit.template [8ms]
2024-11-19 19:39:53.363 [info] > git for-each-ref --format=%(refname)%00%(upstream:short)%00%(objectname)%00%(upstream:track)%00%(upstream:remotename)%00%(upstream:remoteref) refs/heads/main refs/remotes/main [2ms]
2024-11-19 19:39:53.363 [warning] [Git][getBranch] No such branch: main
2024-11-19 19:39:53.380 [info] > git for-each-ref --sort -committerdate --format %(refname) %(objectname) %(*objectname) [2ms]
2024-11-19 19:39:53.407 [info] > git status -z -uall [37ms]
2024-11-19 19:39:58.482 [info] > git config --get commit.template [6ms]
2024-11-19 19:39:58.482 [info] > git for-each-ref --format=%(refname)%00%(upstream:short)%00%(objectname)%00%(upstream:track)%00%(upstream:remotename)%00%(upstream:remoteref) refs/heads/main refs/remotes/main [1ms]
2024-11-19 19:39:58.483 [warning] [Git][getBranch] No such branch: main
2024-11-19 19:39:58.497 [info] > git for-each-ref --sort -committerdate --format %(refname) %(objectname) %(*objectname) [1ms]
2024-11-19 19:39:58.517 [info] > git status -z -uall [30ms]
2024-11-19 19:40:03.588 [info] > git config --get commit.template [7ms]
2024-11-19 19:40:03.589 [info] > git for-each-ref --format=%(refname)%00%(upstream:short)%00%(objectname)%00%(upstream:track)%00%(upstream:remotename)%00%(upstream:remoteref) refs/heads/main refs/remotes/main [1ms]
2024-11-19 19:40:03.589 [warning] [Git][getBranch] No such branch: main
2024-11-19 19:40:03.603 [info] > git for-each-ref --sort -committerdate --format %(refname) %(objectname) %(*objectname) [2ms]
2024-11-19 19:40:03.624 [info] > git status -z -uall [30ms]
2024-11-19 19:40:08.706 [info] > git config --get commit.template [9ms]
2024-11-19 19:40:08.707 [info] > git for-each-ref --format=%(refname)%00%(upstream:short)%00%(objectname)%00%(upstream:track)%00%(upstream:remotename)%00%(upstream:remoteref) refs/heads/main refs/remotes/main [2ms]
2024-11-19 19:40:08.707 [warning] [Git][getBranch] No such branch: main
2024-11-19 19:40:08.724 [info] > git for-each-ref --sort -committerdate --format %(refname) %(objectname) %(*objectname) [2ms]
2024-11-19 19:40:08.751 [info] > git status -z -uall [38ms]
2024-11-19 19:40:13.833 [info] > git config --get commit.template [9ms]
2024-11-19 19:40:13.835 [info] > git for-each-ref --format=%(refname)%00%(upstream:short)%00%(objectname)%00%(upstream:track)%00%(upstream:remotename)%00%(upstream:remoteref) refs/heads/main refs/remotes/main [3ms]
2024-11-19 19:40:13.835 [warning] [Git][getBranch] No such branch: main
2024-11-19 19:40:13.853 [info] > git for-each-ref --sort -committerdate --format %(refname) %(objectname) %(*objectname) [3ms]
2024-11-19 19:40:13.874 [info] > git status -z -uall [32ms]
2024-11-19 19:40:18.951 [info] > git config --get commit.template [5ms]
2024-11-19 19:40:18.951 [info] > git for-each-ref --format=%(refname)%00%(upstream:short)%00%(objectname)%00%(upstream:track)%00%(upstream:remotename)%00%(upstream:remoteref) refs/heads/main refs/remotes/main [1ms]
2024-11-19 19:40:18.951 [warning] [Git][getBranch] No such branch: main
2024-11-19 19:40:18.967 [info] > git for-each-ref --sort -committerdate --format %(refname) %(objectname) %(*objectname) [3ms]
2024-11-19 19:40:18.999 [info] > git status -z -uall [41ms]
2024-11-19 19:40:24.086 [info] > git config --get commit.template [9ms]
2024-11-19 19:40:24.087 [info] > git for-each-ref --format=%(refname)%00%(upstream:short)%00%(objectname)%00%(upstream:track)%00%(upstream:remotename)%00%(upstream:remoteref) refs/heads/main refs/remotes/main [2ms]
2024-11-19 19:40:24.087 [warning] [Git][getBranch] No such branch: main
2024-11-19 19:40:24.105 [info] > git for-each-ref --sort -committerdate --format %(refname) %(objectname) %(*objectname) [2ms]
2024-11-19 19:40:24.142 [info] > git status -z -uall [48ms]
2024-11-19 19:40:29.254 [info] > git config --get commit.template [10ms]
2024-11-19 19:40:29.255 [info] > git for-each-ref --format=%(refname)%00%(upstream:short)%00%(objectname)%00%(upstream:track)%00%(upstream:remotename)%00%(upstream:remoteref) refs/heads/main refs/remotes/main [2ms]
2024-11-19 19:40:29.255 [warning] [Git][getBranch] No such branch: main
2024-11-19 19:40:29.276 [info] > git for-each-ref --sort -committerdate --format %(refname) %(objectname) %(*objectname) [3ms]
2024-11-19 19:40:29.316 [info] > git status -z -uall [52ms]
2024-11-19 19:40:34.453 [info] > git config --get commit.template [7ms]
2024-11-19 19:40:34.453 [info] > git for-each-ref --format=%(refname)%00%(upstream:short)%00%(objectname)%00%(upstream:track)%00%(upstream:remotename)%00%(upstream:remoteref) refs/heads/main refs/remotes/main [1ms]
2024-11-19 19:40:34.453 [warning] [Git][getBranch] No such branch: main
2024-11-19 19:40:34.469 [info] > git for-each-ref --sort -committerdate --format %(refname) %(objectname) %(*objectname) [2ms]
2024-11-19 19:40:34.493 [info] > git status -z -uall [34ms]
2024-11-19 19:40:39.570 [info] > git config --get commit.template [3ms]
2024-11-19 19:40:39.577 [info] > git for-each-ref --format=%(refname)%00%(upstream:short)%00%(objectname)%00%(upstream:track)%00%(upstream:remotename)%00%(upstream:remoteref) refs/heads/main refs/remotes/main [2ms]
2024-11-19 19:40:39.577 [warning] [Git][getBranch] No such branch: main
2024-11-19 19:40:39.595 [info] > git for-each-ref --sort -committerdate --format %(refname) %(objectname) %(*objectname) [2ms]
2024-11-19 19:40:39.622 [info] > git status -z -uall [38ms]
2024-11-19 19:40:44.718 [info] > git config --get commit.template [2ms]
2024-11-19 19:40:44.727 [info] > git for-each-ref --format=%(refname)%00%(upstream:short)%00%(objectname)%00%(upstream:track)%00%(upstream:remotename)%00%(upstream:remoteref) refs/heads/main refs/remotes/main [2ms]
2024-11-19 19:40:44.727 [warning] [Git][getBranch] No such branch: main
2024-11-19 19:40:44.745 [info] > git for-each-ref --sort -committerdate --format %(refname) %(objectname) %(*objectname) [2ms]
2024-11-19 19:40:44.776 [info] > git status -z -uall [43ms]
2024-11-19 19:40:49.878 [info] > git config --get commit.template [8ms]
2024-11-19 19:40:49.879 [info] > git for-each-ref --format=%(refname)%00%(upstream:short)%00%(objectname)%00%(upstream:track)%00%(upstream:remotename)%00%(upstream:remoteref) refs/heads/main refs/remotes/main [2ms]
2024-11-19 19:40:49.879 [warning] [Git][getBranch] No such branch: main
2024-11-19 19:40:49.896 [info] > git for-each-ref --sort -committerdate --format %(refname) %(objectname) %(*objectname) [2ms]
2024-11-19 19:40:49.925 [info] > git status -z -uall [39ms]
2024-11-19 19:40:50.972 [info] > git log --format=%H%n%aN%n%aE%n%at%n%ct%n%P%n%D%n%B -z -n120 --follow -- /root/styles.css [20ms]
2024-11-19 19:40:50.972 [info] fatal: your current branch 'main' does not have any commits yet
2024-11-19 19:40:50.983 [info] > git log --format=%H%n%aN%n%aE%n%at%n%ct%n%P%n%D%n%B -z -n239 --follow -- /root/styles.css [20ms]
2024-11-19 19:40:50.983 [info] fatal: your current branch 'main' does not have any commits yet
2024-11-19 19:40:51.155 [info] > git show --textconv :styles.css [16ms]
2024-11-19 19:40:51.160 [info] > git ls-files --stage -- /root/styles.css [6ms]
2024-11-19 19:40:51.171 [info] > git cat-file -s c2d4689ca8ac668307b88323b9c82602b50657c4 [2ms]
2024-11-19 19:40:55.024 [info] > git config --get commit.template [8ms]
2024-11-19 19:40:55.025 [info] > git for-each-ref --format=%(refname)%00%(upstream:short)%00%(objectname)%00%(upstream:track)%00%(upstream:remotename)%00%(upstream:remoteref) refs/heads/main refs/remotes/main [1ms]
2024-11-19 19:40:55.025 [warning] [Git][getBranch] No such branch: main
2024-11-19 19:40:55.042 [info] > git for-each-ref --sort -committerdate --format %(refname) %(objectname) %(*objectname) [2ms]
2024-11-19 19:40:55.072 [info] > git status -z -uall [40ms]
2024-11-19 19:41:00.169 [info] > git config --get commit.template [9ms]
2024-11-19 19:41:00.170 [info] > git for-each-ref --format=%(refname)%00%(upstream:short)%00%(objectname)%00%(upstream:track)%00%(upstream:remotename)%00%(upstream:remoteref) refs/heads/main refs/remotes/main [2ms]
2024-11-19 19:41:00.170 [warning] [Git][getBranch] No such branch: main
2024-11-19 19:41:00.188 [info] > git for-each-ref --sort -committerdate --format %(refname) %(objectname) %(*objectname) [2ms]
2024-11-19 19:41:00.217 [info] > git status -z -uall [40ms]
2024-11-19 19:41:05.296 [info] > git config --get commit.template [9ms]
2024-11-19 19:41:05.297 [info] > git for-each-ref --format=%(refname)%00%(upstream:short)%00%(objectname)%00%(upstream:track)%00%(upstream:remotename)%00%(upstream:remoteref) refs/heads/main refs/remotes/main [2ms]
2024-11-19 19:41:05.297 [warning] [Git][getBranch] No such branch: main
2024-11-19 19:41:05.314 [info] > git for-each-ref --sort -committerdate --format %(refname) %(objectname) %(*objectname) [2ms]
2024-11-19 19:41:05.341 [info] > git status -z -uall [38ms]
2024-11-19 19:41:10.440 [info] > git config --get commit.template [8ms]
2024-11-19 19:41:10.441 [info] > git for-each-ref --format=%(refname)%00%(upstream:short)%00%(objectname)%00%(upstream:track)%00%(upstream:remotename)%00%(upstream:remoteref) refs/heads/main refs/remotes/main [1ms]
2024-11-19 19:41:10.441 [warning] [Git][getBranch] No such branch: main
2024-11-19 19:41:10.457 [info] > git for-each-ref --sort -committerdate --format %(refname) %(objectname) %(*objectname) [2ms]
2024-11-19 19:41:10.485 [info] > git status -z -uall [38ms]
2024-11-19 19:41:15.566 [info] > git config --get commit.template [7ms]
2024-11-19 19:41:15.567 [info] > git for-each-ref --format=%(refname)%00%(upstream:short)%00%(objectname)%00%(upstream:track)%00%(upstream:remotename)%00%(upstream:remoteref) refs/heads/main refs/remotes/main [2ms]
2024-11-19 19:41:15.567 [warning] [Git][getBranch] No such branch: main
2024-11-19 19:41:15.582 [info] > git for-each-ref --sort -committerdate --format %(refname) %(objectname) %(*objectname) [2ms]
2024-11-19 19:41:15.610 [info] > git status -z -uall [37ms]
2024-11-19 19:41:20.698 [info] > git config --get commit.template [10ms]
2024-11-19 19:41:20.699 [info] > git for-each-ref --format=%(refname)%00%(upstream:short)%00%(objectname)%00%(upstream:track)%00%(upstream:remotename)%00%(upstream:remoteref) refs/heads/main refs/remotes/main [2ms]
2024-11-19 19:41:20.699 [warning] [Git][getBranch] No such branch: main
2024-11-19 19:41:20.719 [info] > git for-each-ref --sort -committerdate --format %(refname) %(objectname) %(*objectname) [3ms]
2024-11-19 19:41:20.770 [info] > git status -z -uall [63ms]
2024-11-19 19:41:25.904 [info] > git config --get commit.template [10ms]
2024-11-19 19:41:25.905 [info] > git for-each-ref --format=%(refname)%00%(upstream:short)%00%(objectname)%00%(upstream:track)%00%(upstream:remotename)%00%(upstream:remoteref) refs/heads/main refs/remotes/main [2ms]
2024-11-19 19:41:25.905 [warning] [Git][getBranch] No such branch: main
2024-11-19 19:41:25.922 [info] > git for-each-ref --sort -committerdate --format %(refname) %(objectname) %(*objectname) [2ms]
2024-11-19 19:41:25.948 [info] > git status -z -uall [36ms]
2024-11-19 19:41:31.049 [info] > git config --get commit.template [10ms]
2024-11-19 19:41:31.049 [info] > git for-each-ref --format=%(refname)%00%(upstream:short)%00%(objectname)%00%(upstream:track)%00%(upstream:remotename)%00%(upstream:remoteref) refs/heads/main refs/remotes/main [1ms]
2024-11-19 19:41:31.049 [warning] [Git][getBranch] No such branch: main
2024-11-19 19:41:31.065 [info] > git for-each-ref --sort -committerdate --format %(refname) %(objectname) %(*objectname) [2ms]
2024-11-19 19:41:31.094 [info] > git status -z -uall [38ms]
2024-11-19 19:41:36.184 [info] > git config --get commit.template [10ms]
2024-11-19 19:41:36.184 [info] > git for-each-ref --format=%(refname)%00%(upstream:short)%00%(objectname)%00%(upstream:track)%00%(upstream:remotename)%00%(upstream:remoteref) refs/heads/main refs/remotes/main [1ms]
2024-11-19 19:41:36.185 [warning] [Git][getBranch] No such branch: main
2024-11-19 19:41:36.199 [info] > git for-each-ref --sort -committerdate --format %(refname) %(objectname) %(*objectname) [2ms]
2024-11-19 19:41:36.224 [info] > git status -z -uall [34ms]
2024-11-19 19:41:41.307 [info] > git config --get commit.template [8ms]
2024-11-19 19:41:41.308 [info] > git for-each-ref --format=%(refname)%00%(upstream:short)%00%(objectname)%00%(upstream:track)%00%(upstream:remotename)%00%(upstream:remoteref) refs/heads/main refs/remotes/main [2ms]
2024-11-19 19:41:41.308 [warning] [Git][getBranch] No such branch: main
2024-11-19 19:41:41.325 [info] > git for-each-ref --sort -committerdate --format %(refname) %(objectname) %(*objectname) [2ms]
2024-11-19 19:41:41.349 [info] > git status -z -uall [35ms]
2024-11-19 19:41:46.438 [info] > git config --get commit.template [11ms]
2024-11-19 19:41:46.439 [info] > git for-each-ref --format=%(refname)%00%(upstream:short)%00%(objectname)%00%(upstream:track)%00%(upstream:remotename)%00%(upstream:remoteref) refs/heads/main refs/remotes/main [3ms]
2024-11-19 19:41:46.439 [warning] [Git][getBranch] No such branch: main
2024-11-19 19:41:46.457 [info] > git for-each-ref --sort -committerdate --format %(refname) %(objectname) %(*objectname) [3ms]
2024-11-19 19:41:46.482 [info] > git status -z -uall [36ms]
2024-11-19 19:41:51.565 [info] > git config --get commit.template [8ms]
2024-11-19 19:41:51.566 [info] > git for-each-ref --format=%(refname)%00%(upstream:short)%00%(objectname)%00%(upstream:track)%00%(upstream:remotename)%00%(upstream:remoteref) refs/heads/main refs/remotes/main [2ms]
2024-11-19 19:41:51.566 [warning] [Git][getBranch] No such branch: main
2024-11-19 19:41:51.583 [info] > git for-each-ref --sort -committerdate --format %(refname) %(objectname) %(*objectname) [3ms]
2024-11-19 19:41:51.609 [info] > git status -z -uall [37ms]
2024-11-19 19:41:56.713 [info] > git config --get commit.template [10ms]
2024-11-19 19:41:56.714 [info] > git for-each-ref --format=%(refname)%00%(upstream:short)%00%(objectname)%00%(upstream:track)%00%(upstream:remotename)%00%(upstream:remoteref) refs/heads/main refs/remotes/main [2ms]
2024-11-19 19:41:56.714 [warning] [Git][getBranch] No such branch: main
2024-11-19 19:41:56.728 [info] > git for-each-ref --sort -committerdate --format %(refname) %(objectname) %(*objectname) [1ms]
2024-11-19 19:41:56.750 [info] > git status -z -uall [32ms]
2024-11-19 19:42:01.829 [info] > git config --get commit.template [11ms]
2024-11-19 19:42:01.829 [info] > git for-each-ref --format=%(refname)%00%(upstream:short)%00%(objectname)%00%(upstream:track)%00%(upstream:remotename)%00%(upstream:remoteref) refs/heads/main refs/remotes/main [2ms]
2024-11-19 19:42:01.830 [warning] [Git][getBranch] No such branch: main
2024-11-19 19:42:01.848 [info] > git for-each-ref --sort -committerdate --format %(refname) %(objectname) %(*objectname) [2ms]
2024-11-19 19:42:01.892 [info] > git status -z -uall [56ms]
2024-11-19 19:42:07.044 [info] > git config --get commit.template [12ms]
2024-11-19 19:42:07.045 [info] > git for-each-ref --format=%(refname)%00%(upstream:short)%00%(objectname)%00%(upstream:track)%00%(upstream:remotename)%00%(upstream:remoteref) refs/heads/main refs/remotes/main [2ms]
2024-11-19 19:42:07.045 [warning] [Git][getBranch] No such branch: main
2024-11-19 19:42:07.061 [info] > git for-each-ref --sort -committerdate --format %(refname) %(objectname) %(*objectname) [2ms]
2024-11-19 19:42:07.082 [info] > git status -z -uall [31ms]
2024-11-19 19:42:12.160 [info] > git config --get commit.template [6ms]
2024-11-19 19:42:12.161 [info] > git for-each-ref --format=%(refname)%00%(upstream:short)%00%(objectname)%00%(upstream:track)%00%(upstream:remotename)%00%(upstream:remoteref) refs/heads/main refs/remotes/main [1ms]
2024-11-19 19:42:12.161 [warning] [Git][getBranch] No such branch: main
2024-11-19 19:42:12.175 [info] > git for-each-ref --sort -committerdate --format %(refname) %(objectname) %(*objectname) [2ms]
2024-11-19 19:42:12.197 [info] > git status -z -uall [32ms]
2024-11-19 19:42:17.276 [info] > git config --get commit.template [9ms]
2024-11-19 19:42:17.277 [info] > git for-each-ref --format=%(refname)%00%(upstream:short)%00%(objectname)%00%(upstream:track)%00%(upstream:remotename)%00%(upstream:remoteref) refs/heads/main refs/remotes/main [1ms]
2024-11-19 19:42:17.277 [warning] [Git][getBranch] No such branch: main
2024-11-19 19:42:17.295 [info] > git for-each-ref --sort -committerdate --format %(refname) %(objectname) %(*objectname) [2ms]
2024-11-19 19:42:17.322 [info] > git status -z -uall [38ms]
2024-11-19 19:42:22.403 [info] > git config --get commit.template [7ms]
2024-11-19 19:42:22.404 [info] > git for-each-ref --format=%(refname)%00%(upstream:short)%00%(objectname)%00%(upstream:track)%00%(upstream:remotename)%00%(upstream:remoteref) refs/heads/main refs/remotes/main [2ms]
2024-11-19 19:42:22.404 [warning] [Git][getBranch] No such branch: main
2024-11-19 19:42:22.421 [info] > git for-each-ref --sort -committerdate --format %(refname) %(objectname) %(*objectname) [2ms]
2024-11-19 19:42:22.443 [info] > git status -z -uall [33ms]
2024-11-19 19:42:27.530 [info] > git config --get commit.template [10ms]
2024-11-19 19:42:27.531 [info] > git for-each-ref --format=%(refname)%00%(upstream:short)%00%(objectname)%00%(upstream:track)%00%(upstream:remotename)%00%(upstream:remoteref) refs/heads/main refs/remotes/main [1ms]
2024-11-19 19:42:27.531 [warning] [Git][getBranch] No such branch: main
2024-11-19 19:42:27.547 [info] > git for-each-ref --sort -committerdate --format %(refname) %(objectname) %(*objectname) [2ms]
2024-11-19 19:42:27.575 [info] > git status -z -uall [38ms]
2024-11-19 19:42:32.783 [info] > git config --get commit.template [9ms]
2024-11-19 19:42:32.783 [info] > git for-each-ref --format=%(refname)%00%(upstream:short)%00%(objectname)%00%(upstream:track)%00%(upstream:remotename)%00%(upstream:remoteref) refs/heads/main refs/remotes/main [1ms]
2024-11-19 19:42:32.784 [warning] [Git][getBranch] No such branch: main
2024-11-19 19:42:32.802 [info] > git for-each-ref --sort -committerdate --format %(refname) %(objectname) %(*objectname) [3ms]
2024-11-19 19:42:32.834 [info] > git status -z -uall [45ms]
2024-11-19 19:42:37.942 [info] > git config --get commit.template [10ms]
2024-11-19 19:42:37.943 [info] > git for-each-ref --format=%(refname)%00%(upstream:short)%00%(objectname)%00%(upstream:track)%00%(upstream:remotename)%00%(upstream:remoteref) refs/heads/main refs/remotes/main [2ms]
2024-11-19 19:42:37.943 [warning] [Git][getBranch] No such branch: main
2024-11-19 19:42:37.961 [info] > git for-each-ref --sort -committerdate --format %(refname) %(objectname) %(*objectname) [2ms]
2024-11-19 19:42:37.997 [info] > git status -z -uall [47ms]
2024-11-19 19:42:43.219 [info] > git config --get commit.template [8ms]
2024-11-19 19:42:43.219 [info] > git for-each-ref --format=%(refname)%00%(upstream:short)%00%(objectname)%00%(upstream:track)%00%(upstream:remotename)%00%(upstream:remoteref) refs/heads/main refs/remotes/main [2ms]
2024-11-19 19:42:43.219 [warning] [Git][getBranch] No such branch: main
2024-11-19 19:42:43.234 [info] > git for-each-ref --sort -committerdate --format %(refname) %(objectname) %(*objectname) [3ms]
2024-11-19 19:42:43.257 [info] > git status -z -uall [33ms]
2024-11-19 19:42:48.331 [info] > git config --get commit.template [9ms]
2024-11-19 19:42:48.331 [info] > git for-each-ref --format=%(refname)%00%(upstream:short)%00%(objectname)%00%(upstream:track)%00%(upstream:remotename)%00%(upstream:remoteref) refs/heads/main refs/remotes/main [1ms]
2024-11-19 19:42:48.331 [warning] [Git][getBranch] No such branch: main
2024-11-19 19:42:48.347 [info] > git for-each-ref --sort -committerdate --format %(refname) %(objectname) %(*objectname) [2ms]
2024-11-19 19:42:48.371 [info] > git status -z -uall [34ms]
2024-11-19 19:42:53.956 [info] > git config --get commit.template [7ms]
2024-11-19 19:42:53.956 [info] > git for-each-ref --format=%(refname)%00%(upstream:short)%00%(objectname)%00%(upstream:track)%00%(upstream:remotename)%00%(upstream:remoteref) refs/heads/main refs/remotes/main [1ms]
2024-11-19 19:42:53.956 [warning] [Git][getBranch] No such branch: main
2024-11-19 19:42:53.971 [info] > git for-each-ref --sort -committerdate --format %(refname) %(objectname) %(*objectname) [2ms]
2024-11-19 19:42:53.994 [info] > git status -z -uall [33ms]
2024-11-19 19:42:59.083 [info] > git config --get commit.template [16ms]
2024-11-19 19:42:59.084 [info] > git for-each-ref --format=%(refname)%00%(upstream:short)%00%(objectname)%00%(upstream:track)%00%(upstream:remotename)%00%(upstream:remoteref) refs/heads/main refs/remotes/main [4ms]
2024-11-19 19:42:59.085 [warning] [Git][getBranch] No such branch: main
2024-11-19 19:42:59.101 [info] > git for-each-ref --sort -committerdate --format %(refname) %(objectname) %(*objectname) [3ms]
2024-11-19 19:42:59.132 [info] > git status -z -uall [41ms]
2024-11-19 19:43:04.218 [info] > git config --get commit.template [8ms]
2024-11-19 19:43:04.218 [info] > git for-each-ref --format=%(refname)%00%(upstream:short)%00%(objectname)%00%(upstream:track)%00%(upstream:remotename)%00%(upstream:remoteref) refs/heads/main refs/remotes/main [1ms]
2024-11-19 19:43:04.219 [warning] [Git][getBranch] No such branch: main
2024-11-19 19:43:04.234 [info] > git for-each-ref --sort -committerdate --format %(refname) %(objectname) %(*objectname) [2ms]
2024-11-19 19:43:04.256 [info] > git status -z -uall [32ms]
2024-11-19 19:43:09.359 [info] > git config --get commit.template [13ms]
2024-11-19 19:43:09.360 [info] > git for-each-ref --format=%(refname)%00%(upstream:short)%00%(objectname)%00%(upstream:track)%00%(upstream:remotename)%00%(upstream:remoteref) refs/heads/main refs/remotes/main [2ms]
2024-11-19 19:43:09.360 [warning] [Git][getBranch] No such branch: main
2024-11-19 19:43:09.376 [info] > git for-each-ref --sort -committerdate --format %(refname) %(objectname) %(*objectname) [2ms]
2024-11-19 19:43:09.396 [info] > git status -z -uall [30ms]
2024-11-19 19:43:15.290 [info] > git config --get commit.template [8ms]
2024-11-19 19:43:15.291 [info] > git for-each-ref --format=%(refname)%00%(upstream:short)%00%(objectname)%00%(upstream:track)%00%(upstream:remotename)%00%(upstream:remoteref) refs/heads/main refs/remotes/main [1ms]
2024-11-19 19:43:15.291 [warning] [Git][getBranch] No such branch: main
2024-11-19 19:43:15.308 [info] > git for-each-ref --sort -committerdate --format %(refname) %(objectname) %(*objectname) [2ms]
2024-11-19 19:43:15.331 [info] > git status -z -uall [34ms]
2024-11-19 19:43:17.727 [info] > git rev-list --count index.. -- /root/styles.css [3ms]
2024-11-19 19:43:17.727 [info] fatal: bad revision 'index..'
2024-11-19 19:43:17.736 [info] > git log --format=%H%n%aN%n%aE%n%at%n%ct%n%P%n%D%n%B -z --follow -- /root/styles.css [2ms]
2024-11-19 19:43:17.736 [info] fatal: your current branch 'main' does not have any commits yet
2024-11-19 19:43:17.890 [info] > git check-ignore -v -z --stdin [9ms]
2024-11-19 19:43:18.321 [info] > git ls-files --stage -- /root/styles.css [5ms]
2024-11-19 19:43:18.329 [info] > git cat-file -s c2d4689ca8ac668307b88323b9c82602b50657c4 [1ms]
2024-11-19 19:43:18.352 [info] > git show --textconv :styles.css [5ms]
2024-11-19 19:43:21.288 [info] > git config --get commit.template [7ms]
2024-11-19 19:43:21.288 [info] > git for-each-ref --format=%(refname)%00%(upstream:short)%00%(objectname)%00%(upstream:track)%00%(upstream:remotename)%00%(upstream:remoteref) refs/heads/main refs/remotes/main [1ms]
2024-11-19 19:43:21.288 [warning] [Git][getBranch] No such branch: main
2024-11-19 19:43:21.303 [info] > git for-each-ref --sort -committerdate --format %(refname) %(objectname) %(*objectname) [2ms]
2024-11-19 19:43:21.338 [info] > git status -z -uall [45ms]
2024-11-19 19:43:26.434 [info] > git config --get commit.template [8ms]
2024-11-19 19:43:26.434 [info] > git for-each-ref --format=%(refname)%00%(upstream:short)%00%(objectname)%00%(upstream:track)%00%(upstream:remotename)%00%(upstream:remoteref) refs/heads/main refs/remotes/main [2ms]
2024-11-19 19:43:26.434 [warning] [Git][getBranch] No such branch: main
2024-11-19 19:43:26.454 [info] > git for-each-ref --sort -committerdate --format %(refname) %(objectname) %(*objectname) [2ms]
2024-11-19 19:43:26.488 [info] > git status -z -uall [46ms]
2024-11-19 19:43:31.606 [info] > git config --get commit.template [9ms]
2024-11-19 19:43:31.607 [info] > git for-each-ref --format=%(refname)%00%(upstream:short)%00%(objectname)%00%(upstream:track)%00%(upstream:remotename)%00%(upstream:remoteref) refs/heads/main refs/remotes/main [2ms]
2024-11-19 19:43:31.607 [warning] [Git][getBranch] No such branch: main
2024-11-19 19:43:31.626 [info] > git for-each-ref --sort -committerdate --format %(refname) %(objectname) %(*objectname) [3ms]
2024-11-19 19:43:31.661 [info] > git status -z -uall [46ms]
2024-11-19 19:43:36.783 [info] > git config --get commit.template [12ms]
2024-11-19 19:43:36.783 [info] > git for-each-ref --format=%(refname)%00%(upstream:short)%00%(objectname)%00%(upstream:track)%00%(upstream:remotename)%00%(upstream:remoteref) refs/heads/main refs/remotes/main [1ms]
2024-11-19 19:43:36.784 [warning] [Git][getBranch] No such branch: main
2024-11-19 19:43:36.802 [info] > git for-each-ref --sort -committerdate --format %(refname) %(objectname) %(*objectname) [3ms]
2024-11-19 19:43:36.835 [info] > git status -z -uall [46ms]
2024-11-19 19:43:41.954 [info] > git config --get commit.template [8ms]
2024-11-19 19:43:41.955 [info] > git for-each-ref --format=%(refname)%00%(upstream:short)%00%(objectname)%00%(upstream:track)%00%(upstream:remotename)%00%(upstream:remoteref) refs/heads/main refs/remotes/main [2ms]
2024-11-19 19:43:41.955 [warning] [Git][getBranch] No such branch: main
2024-11-19 19:43:41.977 [info] > git for-each-ref --sort -committerdate --format %(refname) %(objectname) %(*objectname) [5ms]
2024-11-19 19:43:42.013 [info] > git status -z -uall [50ms]
2024-11-19 19:43:47.121 [info] > git config --get commit.template [8ms]
2024-11-19 19:43:47.121 [info] > git for-each-ref --format=%(refname)%00%(upstream:short)%00%(objectname)%00%(upstream:track)%00%(upstream:remotename)%00%(upstream:remoteref) refs/heads/main refs/remotes/main [2ms]
2024-11-19 19:43:47.122 [warning] [Git][getBranch] No such branch: main
2024-11-19 19:43:47.144 [info] > git for-each-ref --sort -committerdate --format %(refname) %(objectname) %(*objectname) [3ms]
2024-11-19 19:43:47.178 [info] > git status -z -uall [47ms]
2024-11-19 19:43:52.301 [info] > git config --get commit.template [11ms]
2024-11-19 19:43:52.303 [info] > git for-each-ref --format=%(refname)%00%(upstream:short)%00%(objectname)%00%(upstream:track)%00%(upstream:remotename)%00%(upstream:remoteref) refs/heads/main refs/remotes/main [3ms]
2024-11-19 19:43:52.304 [warning] [Git][getBranch] No such branch: main
2024-11-19 19:43:52.321 [info] > git for-each-ref --sort -committerdate --format %(refname) %(objectname) %(*objectname) [2ms]
2024-11-19 19:43:52.349 [info] > git status -z -uall [39ms]
2024-11-19 19:43:57.462 [info] > git config --get commit.template [9ms]
2024-11-19 19:43:57.463 [info] > git for-each-ref --format=%(refname)%00%(upstream:short)%00%(objectname)%00%(upstream:track)%00%(upstream:remotename)%00%(upstream:remoteref) refs/heads/main refs/remotes/main [2ms]
2024-11-19 19:43:57.463 [warning] [Git][getBranch] No such branch: main
2024-11-19 19:43:57.483 [info] > git for-each-ref --sort -committerdate --format %(refname) %(objectname) %(*objectname) [3ms]
2024-11-19 19:43:57.516 [info] > git status -z -uall [47ms]
2024-11-19 19:44:01.492 [info] > git rev-list --count index.. -- /root/styles.css [3ms]
2024-11-19 19:44:01.492 [info] fatal: bad revision 'index..'
2024-11-19 19:44:01.502 [info] > git log --format=%H%n%aN%n%aE%n%at%n%ct%n%P%n%D%n%B -z --follow -- /root/styles.css [2ms]
2024-11-19 19:44:01.502 [info] fatal: your current branch 'main' does not have any commits yet
2024-11-19 19:44:02.090 [info] > git ls-files --stage -- /root/styles.css [4ms]
2024-11-19 19:44:02.100 [info] > git cat-file -s c2d4689ca8ac668307b88323b9c82602b50657c4 [2ms]
2024-11-19 19:44:02.115 [info] > git show --textconv :styles.css [4ms]
2024-11-19 19:44:02.636 [info] > git config --get commit.template [7ms]
2024-11-19 19:44:02.637 [info] > git for-each-ref --format=%(refname)%00%(upstream:short)%00%(objectname)%00%(upstream:track)%00%(upstream:remotename)%00%(upstream:remoteref) refs/heads/main refs/remotes/main [1ms]
2024-11-19 19:44:02.637 [warning] [Git][getBranch] No such branch: main
2024-11-19 19:44:02.654 [info] > git for-each-ref --sort -committerdate --format %(refname) %(objectname) %(*objectname) [2ms]
2024-11-19 19:44:02.684 [info] > git status -z -uall [40ms]
2024-11-19 19:44:07.810 [info] > git config --get commit.template [16ms]
2024-11-19 19:44:07.812 [info] > git for-each-ref --format=%(refname)%00%(upstream:short)%00%(objectname)%00%(upstream:track)%00%(upstream:remotename)%00%(upstream:remoteref) refs/heads/main refs/remotes/main [3ms]
2024-11-19 19:44:07.812 [warning] [Git][getBranch] No such branch: main
2024-11-19 19:44:07.833 [info] > git for-each-ref --sort -committerdate --format %(refname) %(objectname) %(*objectname) [1ms]
2024-11-19 19:44:07.865 [info] > git status -z -uall [43ms]
2024-11-19 19:44:12.736 [info] > git config --get commit.template [9ms]
2024-11-19 19:44:12.736 [info] > git for-each-ref --format=%(refname)%00%(upstream:short)%00%(objectname)%00%(upstream:track)%00%(upstream:remotename)%00%(upstream:remoteref) refs/heads/main refs/remotes/main [1ms]
2024-11-19 19:44:12.736 [warning] [Git][getBranch] No such branch: main
2024-11-19 19:44:12.751 [info] > git for-each-ref --sort -committerdate --format %(refname) %(objectname) %(*objectname) [2ms]
2024-11-19 19:44:12.777 [info] > git status -z -uall [37ms]
2024-11-19 19:44:13.548 [info] > git config --get commit.template [8ms]
2024-11-19 19:44:13.549 [info] > git for-each-ref --format=%(refname)%00%(upstream:short)%00%(objectname)%00%(upstream:track)%00%(upstream:remotename)%00%(upstream:remoteref) refs/heads/main refs/remotes/main [2ms]
2024-11-19 19:44:13.549 [warning] [Git][getBranch] No such branch: main
2024-11-19 19:44:13.563 [info] > git for-each-ref --sort -committerdate --format %(refname) %(objectname) %(*objectname) [2ms]
2024-11-19 19:44:13.602 [info] > git status -z -uall [48ms]
2024-11-19 19:44:18.705 [info] > git config --get commit.template [19ms]
2024-11-19 19:44:18.706 [info] > git for-each-ref --format=%(refname)%00%(upstream:short)%00%(objectname)%00%(upstream:track)%00%(upstream:remotename)%00%(upstream:remoteref) refs/heads/main refs/remotes/main [3ms]
2024-11-19 19:44:18.706 [warning] [Git][getBranch] No such branch: main
2024-11-19 19:44:18.724 [info] > git for-each-ref --sort -committerdate --format %(refname) %(objectname) %(*objectname) [1ms]
2024-11-19 19:44:18.747 [info] > git status -z -uall [33ms]
